#-----------------------------------------------------------
# PlanAhead v14.7
# Build 321239 by xbuild on Fri Sep 27 19:31:35 MDT 2013
# Start of session at: Sat Jun 16 11:43:00 2018
# Process ID: 7840
# Log file: D:/workplace/verilog/E8-R_CPU/planAhead_run_2/planAhead.log
# Journal file: D:/workplace/verilog/E8-R_CPU/planAhead_run_2/planAhead.jou
#-----------------------------------------------------------
INFO: [Common 17-78] Attempting to get a license: PlanAhead
INFO: [Common 17-290] Got license for PlanAhead
INFO: [Device 21-36] Loading parts and site information from D:/Xilinx/14.7/ISE_DS/PlanAhead/data/parts/arch.xml
Parsing RTL primitives file [D:/Xilinx/14.7/ISE_DS/PlanAhead/data/parts/xilinx/rtl/prims/rtl_prims.xml]
Finished parsing RTL primitives file [D:/Xilinx/14.7/ISE_DS/PlanAhead/data/parts/xilinx/rtl/prims/rtl_prims.xml]
start_gui
source D:/workplace/verilog/E8-R_CPU/pa.fromNetlist.tcl
# create_project -name R_CPU -dir "D:/workplace/verilog/E8-R_CPU/planAhead_run_4" -part xc6slx16csg324-3
# set_property design_mode GateLvl [get_property srcset [current_run -impl]]
# set_property edif_top_file "D:/workplace/verilog/E8-R_CPU/R_CPU_Unit.ngc" [ get_property srcset [ current_run ] ]
# add_files -norecurse { {D:/workplace/verilog/E8-R_CPU} {ipcore_dir} }
# add_files [list {ipcore_dir/RAM_B.ncf}] -fileset [get_property constrset [current_run]]
# set_property target_constrs_file "R_CPU_Unit_IC.ucf" [current_fileset -constrset]
Adding file 'D:/workplace/verilog/E8-R_CPU/R_CPU_Unit_IC.ucf' to fileset 'constrs_1'
# add_files [list {R_CPU_Unit_IC.ucf}] -fileset [get_property constrset [current_run]]
# link_design
Design is defaulting to srcset: sources_1
Design is defaulting to constrset: constrs_1
Design is defaulting to project part: xc6slx16csg324-3
Release 14.7 - ngc2edif P.20131013 (nt)
Copyright (c) 1995-2013 Xilinx, Inc.  All rights reserved.

Release 14.7 - ngc2edif P.20131013 (nt)
Copyright (c) 1995-2013 Xilinx, Inc.  All rights reserved.
Reading design R_CPU_Unit.ngc ...
WARNING:NetListWriters:298 - No output is written to R_CPU_Unit.xncf, ignored.
Processing design ...
   Preping design's networks ...
   Preping design's macros ...
  finished :Prep
Writing EDIF netlist file R_CPU_Unit.edif ...
ngc2edif: Total memory usage is 84624 kilobytes

Parsing EDIF File [./planAhead_run_4/R_CPU.data/cache/R_CPU_Unit_ngc_zx.edif]
INFO: [Common 17-41] Interrupt caught. Command should exit soon.
INFO: [Common 17-344] 'link_design' was cancelled
INFO: [Common 17-344] 'source' was cancelled
