Release 14.7 - ngc2edif P.20131013 (nt)
Copyright (c) 1995-2013 Xilinx, Inc.  All rights reserved.
Reading design R_CPU_Unit.ngc ...
WARNING:NetListWriters:298 - No output is written to R_CPU_Unit.xncf, ignored.
Processing design ...
   Preping design's networks ...
   Preping design's macros ...
  finished :Prep
Writing EDIF netlist file R_CPU_Unit.edif ...
ngc2edif: Total memory usage is 84624 kilobytes

Release 14.7 - ngc2edif P.20131013 (nt)
Copyright (c) 1995-2013 Xilinx, Inc.  All rights reserved.
Reading design R_CPU_Unit.ngc ...
WARNING:NetListWriters:298 - No output is written to R_CPU_Unit.xncf, ignored.
Processing design ...
   Preping design's networks ...
   Preping design's macros ...
  finished :Prep
Writing EDIF netlist file R_CPU_Unit.edif ...
ngc2edif: Total memory usage is 85072 kilobytes

Release 14.7 - ngc2edif P.20131013 (nt)
Copyright (c) 1995-2013 Xilinx, Inc.  All rights reserved.
Reading design R_CPU_Unit.ngc ...
WARNING:NetListWriters:298 - No output is written to R_CPU_Unit.xncf, ignored.
Processing design ...
   Preping design's networks ...
   Preping design's macros ...
  finished :Prep
Writing EDIF netlist file R_CPU_Unit.edif ...
ngc2edif: Total memory usage is 84060 kilobytes

Release 14.7 - ngc2edif P.20131013 (nt)
Copyright (c) 1995-2013 Xilinx, Inc.  All rights reserved.
Reading design RAM_B.ngc ...
WARNING:NetListWriters:298 - No output is written to RAM_B.xncf, ignored.
Processing design ...
   Preping design's networks ...
   Preping design's macros ...
  finished :Prep
Writing EDIF netlist file RAM_B.edif ...
ngc2edif: Total memory usage is 84004 kilobytes

