--------------------------------------------------------------------------------
Release 14.7 Trace  (nt64)
Copyright (c) 1995-2013 Xilinx, Inc.  All rights reserved.

D:\Xilinx\14.7\ISE_DS\ISE\bin\nt64\unwrapped\trce.exe -intstyle ise -v 3 -s 3
-n 3 -fastpaths -xml R_CPU_Unit.twx R_CPU_Unit.ncd -o R_CPU_Unit.twr
R_CPU_Unit.pcf -ucf R_CPU_Unit_IC.ucf

Design file:              R_CPU_Unit.ncd
Physical constraint file: R_CPU_Unit.pcf
Device,package,speed:     xc6slx16,csg324,C,-3 (PRODUCTION 1.23 2013-10-13)
Report level:             verbose report

Environment Variable      Effect 
--------------------      ------ 
NONE                      No environment variables were set
--------------------------------------------------------------------------------

INFO:Timing:2698 - No timing constraints found, doing default enumeration.
INFO:Timing:3412 - To improve timing, see the Timing Closure User Guide (UG612).
INFO:Timing:2752 - To get complete path coverage, use the unconstrained paths 
   option. All paths that are not constrained will be reported in the 
   unconstrained paths section(s) of the report.
INFO:Timing:3339 - The clock-to-out numbers in this timing report are based on 
   a 50 Ohm transmission line loading model.  For the details of this model, 
   and for more information on accounting for different loading conditions, 
   please see the device datasheet.



Data Sheet report:
-----------------
All values displayed in nanoseconds (ns)

Clock to Setup on destination clock clkb
---------------+---------+---------+---------+---------+
               | Src:Rise| Src:Fall| Src:Rise| Src:Fall|
Source Clock   |Dest:Rise|Dest:Rise|Dest:Fall|Dest:Fall|
---------------+---------+---------+---------+---------+
clkb           |    3.995|         |         |         |
---------------+---------+---------+---------+---------+

Pad to Pad
---------------+---------------+---------+
Source Pad     |Destination Pad|  Delay  |
---------------+---------------+---------+
sela<0>        |LED<0>         |   11.046|
sela<0>        |LED<1>         |   11.510|
sela<0>        |LED<2>         |   12.098|
sela<0>        |LED<3>         |   12.275|
sela<0>        |LED<4>         |    9.503|
sela<0>        |LED<5>         |    8.780|
sela<0>        |LED<6>         |    9.386|
sela<0>        |LED<7>         |   10.800|
sela<1>        |LED<0>         |   10.616|
sela<1>        |LED<1>         |   11.212|
sela<1>        |LED<2>         |   11.666|
sela<1>        |LED<3>         |   11.653|
sela<1>        |LED<4>         |   10.450|
sela<1>        |LED<5>         |    9.802|
sela<1>        |LED<6>         |    9.771|
sela<1>        |LED<7>         |   10.347|
sela<2>        |LED<0>         |   10.520|
sela<2>        |LED<1>         |   11.211|
sela<2>        |LED<2>         |   11.315|
sela<2>        |LED<3>         |   11.972|
sela<2>        |LED<4>         |    9.440|
sela<2>        |LED<5>         |    8.840|
sela<2>        |LED<6>         |    9.518|
sela<2>        |LED<7>         |   13.995|
---------------+---------------+---------+


Analysis completed Sat Jun 23 11:36:48 2018 
--------------------------------------------------------------------------------

Trace Settings:
-------------------------
Trace Settings 

Peak Memory Usage: 4613 MB



