Release 14.7 - xst P.20131013 (nt64)
Copyright (c) 1995-2013 Xilinx, Inc.  All rights reserved.
--> Parameter TMPDIR set to xst/projnav.tmp


Total REAL time to Xst completion: 0.00 secs
Total CPU time to Xst completion: 0.12 secs
 
--> Parameter xsthdpdir set to xst


Total REAL time to Xst completion: 0.00 secs
Total CPU time to Xst completion: 0.12 secs
 
--> Reading design: DEBOUNCE.prj

TABLE OF CONTENTS
  1) Synthesis Options Summary
  2) HDL Parsing
  3) HDL Elaboration
  4) HDL Synthesis
       4.1) HDL Synthesis Report
  5) Advanced HDL Synthesis
       5.1) Advanced HDL Synthesis Report
  6) Low Level Synthesis
  7) Partition Report
  8) Design Summary
       8.1) Primitive and Black Box Usage
       8.2) Device utilization summary
       8.3) Partition Resource Summary
       8.4) Timing Report
            8.4.1) Clock Information
            8.4.2) Asynchronous Control Signals Information
            8.4.3) Timing Summary
            8.4.4) Timing Details
            8.4.5) Cross Clock Domains Report


=========================================================================
*                      Synthesis Options Summary                        *
=========================================================================
---- Source Parameters
Input File Name                    : "DEBOUNCE.prj"
Ignore Synthesis Constraint File   : NO

---- Target Parameters
Output File Name                   : "DEBOUNCE"
Output Format                      : NGC
Target Device                      : xc6slx16-3-csg324

---- Source Options
Top Module Name                    : DEBOUNCE
Automatic FSM Extraction           : YES
FSM Encoding Algorithm             : Auto
Safe Implementation                : No
FSM Style                          : LUT
RAM Extraction                     : Yes
RAM Style                          : Auto
ROM Extraction                     : Yes
Shift Register Extraction          : YES
ROM Style                          : Auto
Resource Sharing                   : YES
Asynchronous To Synchronous        : NO
Shift Register Minimum Size        : 2
Use DSP Block                      : Auto
Automatic Register Balancing       : No

---- Target Options
LUT Combining                      : Auto
Reduce Control Sets                : Auto
Add IO Buffers                     : YES
Global Maximum Fanout              : 100000
Add Generic Clock Buffer(BUFG)     : 16
Register Duplication               : YES
Optimize Instantiated Primitives   : NO
Use Clock Enable                   : Auto
Use Synchronous Set                : Auto
Use Synchronous Reset              : Auto
Pack IO Registers into IOBs        : Auto
Equivalent register Removal        : YES

---- General Options
Optimization Goal                  : Speed
Optimization Effort                : 1
Power Reduction                    : NO
Keep Hierarchy                     : No
Netlist Hierarchy                  : As_Optimized
RTL Output                         : Yes
Global Optimization                : AllClockNets
Read Cores                         : YES
Write Timing Constraints           : NO
Cross Clock Analysis               : NO
Hierarchy Separator                : /
Bus Delimiter                      : <>
Case Specifier                     : Maintain
Slice Utilization Ratio            : 100
BRAM Utilization Ratio             : 100
DSP48 Utilization Ratio            : 100
Auto BRAM Packing                  : NO
Slice Utilization Ratio Delta      : 5

---- Other Options
Cores Search Directories           : {"../E9-R_I_CPU/ipcore_dir"  }

=========================================================================


=========================================================================
*                          HDL Parsing                                  *
=========================================================================
Analyzing Verilog file "D:\workplace\verilog\E10-R_I_J_CPU\Clk_100Hz.v" into library work
Parsing module <CLK_100Hz>.
Analyzing Verilog file "D:\workplace\verilog\E10-R_I_J_CPU\Debounce.v" into library work
Parsing module <DEBOUNCE>.

=========================================================================
*                            HDL Elaboration                            *
=========================================================================

Elaborating module <DEBOUNCE>.

Elaborating module <CLK_100Hz>.

=========================================================================
*                           HDL Synthesis                               *
=========================================================================

Synthesizing Unit <DEBOUNCE>.
    Related source file is "D:\workplace\verilog\E10-R_I_J_CPU\Debounce.v".
        S0 = 3'b000
        S1 = 3'b001
        S2 = 3'b010
        S3 = 3'b011
        S4 = 3'b100
        S5 = 3'b101
    Found 1-bit register for signal <key_xo>.
    Found 3-bit register for signal <ST>.
    Found 3-bit 7-to-1 multiplexer for signal <ST[2]_GND_1_o_wide_mux_8_OUT> created at line 40.
    HDL ADVISOR - Describing an operational reset or an explicit power-up state for register <ST> would allow inference of a finite state machine and as consequence better performance and smaller area.
    Summary:
	inferred   4 D-type flip-flop(s).
	inferred   5 Multiplexer(s).
Unit <DEBOUNCE> synthesized.

Synthesizing Unit <CLK_100Hz>.
    Related source file is "D:\workplace\verilog\E10-R_I_J_CPU\Clk_100Hz.v".
        N = 500000
    Found 1-bit register for signal <Clk_xo>.
    Found 32-bit register for signal <Counter>.
    Found 32-bit adder for signal <Counter[31]_GND_2_o_add_2_OUT> created at line 36.
    Summary:
	inferred   1 Adder/Subtractor(s).
	inferred  33 D-type flip-flop(s).
Unit <CLK_100Hz> synthesized.

=========================================================================
HDL Synthesis Report

Macro Statistics
# Adders/Subtractors                                   : 1
 32-bit adder                                          : 1
# Registers                                            : 4
 1-bit register                                        : 2
 3-bit register                                        : 1
 32-bit register                                       : 1
# Multiplexers                                         : 5
 1-bit 2-to-1 multiplexer                              : 4
 3-bit 7-to-1 multiplexer                              : 1

=========================================================================

=========================================================================
*                       Advanced HDL Synthesis                          *
=========================================================================


Synthesizing (advanced) Unit <CLK_100Hz>.
The following registers are absorbed into counter <Counter>: 1 register on signal <Counter>.
Unit <CLK_100Hz> synthesized (advanced).

=========================================================================
Advanced HDL Synthesis Report

Macro Statistics
# Counters                                             : 1
 32-bit up counter                                     : 1
# Registers                                            : 5
 Flip-Flops                                            : 5
# Multiplexers                                         : 5
 1-bit 2-to-1 multiplexer                              : 4
 3-bit 7-to-1 multiplexer                              : 1

=========================================================================

=========================================================================
*                         Low Level Synthesis                           *
=========================================================================

Optimizing unit <DEBOUNCE> ...

Mapping all equations...
Building and optimizing final netlist ...
Found area constraint ratio of 100 (+ 5) on block DEBOUNCE, actual ratio is 0.

Final Macro Processing ...

=========================================================================
Final Register Report

Macro Statistics
# Registers                                            : 37
 Flip-Flops                                            : 37

=========================================================================

=========================================================================
*                           Partition Report                            *
=========================================================================

Partition Implementation Status
-------------------------------

  No Partitions were found in this design.

-------------------------------

=========================================================================
*                            Design Summary                             *
=========================================================================

Top Level Output File Name         : DEBOUNCE.ngc

Primitive and Black Box Usage:
------------------------------
# BELS                             : 142
#      GND                         : 1
#      INV                         : 1
#      LUT1                        : 31
#      LUT2                        : 31
#      LUT3                        : 1
#      LUT4                        : 4
#      LUT5                        : 2
#      LUT6                        : 7
#      MUXCY                       : 31
#      VCC                         : 1
#      XORCY                       : 32
# FlipFlops/Latches                : 37
#      FD                          : 37
# Clock Buffers                    : 1
#      BUFGP                       : 1
# IO Buffers                       : 2
#      IBUF                        : 1
#      OBUF                        : 1

Device utilization summary:
---------------------------

Selected Device : 6slx16csg324-3 


Slice Logic Utilization: 
 Number of Slice Registers:              37  out of  18224     0%  
 Number of Slice LUTs:                   77  out of   9112     0%  
    Number used as Logic:                77  out of   9112     0%  

Slice Logic Distribution: 
 Number of LUT Flip Flop pairs used:     78
   Number with an unused Flip Flop:      41  out of     78    52%  
   Number with an unused LUT:             1  out of     78     1%  
   Number of fully used LUT-FF pairs:    36  out of     78    46%  
   Number of unique control sets:         2

IO Utilization: 
 Number of IOs:                           3
 Number of bonded IOBs:                   3  out of    232     1%  

Specific Feature Utilization:
 Number of BUFG/BUFGCTRLs:                1  out of     16     6%  

---------------------------
Partition Resource Summary:
---------------------------

  No Partitions were found in this design.

---------------------------


=========================================================================
Timing Report

NOTE: THESE TIMING NUMBERS ARE ONLY A SYNTHESIS ESTIMATE.
      FOR ACCURATE TIMING INFORMATION PLEASE REFER TO THE TRACE REPORT
      GENERATED AFTER PLACE-and-ROUTE.

Clock Information:
------------------
-----------------------------------+------------------------+-------+
Clock Signal                       | Clock buffer(FF name)  | Load  |
-----------------------------------+------------------------+-------+
CK/Clk_xo                          | NONE(ST_0)             | 4     |
clk                                | BUFGP                  | 33    |
-----------------------------------+------------------------+-------+
INFO:Xst:2169 - HDL ADVISOR - Some clock signals were not automatically buffered by XST with BUFG/BUFR resources. Please use the buffer_type constraint in order to insert these buffers to the clock signals to help prevent skew problems.

Asynchronous Control Signals Information:
----------------------------------------
No asynchronous control signals found in this design

Timing Summary:
---------------
Speed Grade: -3

   Minimum period: 4.121ns (Maximum Frequency: 242.639MHz)
   Minimum input arrival time before clock: 2.458ns
   Maximum output required time after clock: 3.634ns
   Maximum combinational path delay: No path found

Timing Details:
---------------
All values displayed in nanoseconds (ns)

=========================================================================
Timing constraint: Default period analysis for Clock 'CK/Clk_xo'
  Clock period: 1.747ns (frequency: 572.328MHz)
  Total number of paths / destination ports: 10 / 3
-------------------------------------------------------------------------
Delay:               1.747ns (Levels of Logic = 1)
  Source:            ST_2 (FF)
  Destination:       key_xo (FF)
  Source Clock:      CK/Clk_xo rising
  Destination Clock: CK/Clk_xo rising

  Data Path: ST_2 to key_xo
                                Gate     Net
    Cell:in->out      fanout   Delay   Delay  Logical Name (Net Name)
    ----------------------------------------  ------------
     FD:C->Q               3   0.447   0.995  ST_2 (ST_2)
     LUT5:I0->O            1   0.203   0.000  key_xo_rstpot (key_xo_rstpot)
     FD:D                      0.102          key_xo
    ----------------------------------------
    Total                      1.747ns (0.752ns logic, 0.995ns route)
                                       (43.0% logic, 57.0% route)

=========================================================================
Timing constraint: Default period analysis for Clock 'clk'
  Clock period: 4.121ns (frequency: 242.639MHz)
  Total number of paths / destination ports: 1585 / 33
-------------------------------------------------------------------------
Delay:               4.121ns (Levels of Logic = 3)
  Source:            CK/Counter_15 (FF)
  Destination:       CK/Counter_1 (FF)
  Source Clock:      clk rising
  Destination Clock: clk rising

  Data Path: CK/Counter_15 to CK/Counter_1
                                Gate     Net
    Cell:in->out      fanout   Delay   Delay  Logical Name (Net Name)
    ----------------------------------------  ------------
     FD:C->Q               2   0.447   0.961  CK/Counter_15 (CK/Counter_15)
     LUT5:I0->O            3   0.203   0.995  CK/Counter[31]_GND_2_o_equal_2_o<31>2 (CK/Counter[31]_GND_2_o_equal_2_o<31>1)
     LUT6:I1->O           16   0.203   1.005  CK/Counter[31]_GND_2_o_equal_2_o<31>7 (CK/Counter[31]_GND_2_o_equal_2_o)
     LUT2:I1->O            1   0.205   0.000  CK/Counter_1_rstpot (CK/Counter_1_rstpot)
     FD:D                      0.102          CK/Counter_1
    ----------------------------------------
    Total                      4.121ns (1.160ns logic, 2.961ns route)
                                       (28.1% logic, 71.9% route)

=========================================================================
Timing constraint: Default OFFSET IN BEFORE for Clock 'CK/Clk_xo'
  Total number of paths / destination ports: 4 / 4
-------------------------------------------------------------------------
Offset:              2.458ns (Levels of Logic = 2)
  Source:            key_xi (PAD)
  Destination:       ST_2 (FF)
  Destination Clock: CK/Clk_xo rising

  Data Path: key_xi to ST_2
                                Gate     Net
    Cell:in->out      fanout   Delay   Delay  Logical Name (Net Name)
    ----------------------------------------  ------------
     IBUF:I->O             4   1.222   0.931  key_xi_IBUF (key_xi_IBUF)
     LUT4:I0->O            1   0.203   0.000  Mmux_ST[2]_GND_1_o_wide_mux_8_OUT31 (ST[2]_GND_1_o_wide_mux_8_OUT<2>)
     FD:D                      0.102          ST_2
    ----------------------------------------
    Total                      2.458ns (1.527ns logic, 0.931ns route)
                                       (62.1% logic, 37.9% route)

=========================================================================
Timing constraint: Default OFFSET OUT AFTER for Clock 'CK/Clk_xo'
  Total number of paths / destination ports: 1 / 1
-------------------------------------------------------------------------
Offset:              3.634ns (Levels of Logic = 1)
  Source:            key_xo (FF)
  Destination:       key_xo (PAD)
  Source Clock:      CK/Clk_xo rising

  Data Path: key_xo to key_xo
                                Gate     Net
    Cell:in->out      fanout   Delay   Delay  Logical Name (Net Name)
    ----------------------------------------  ------------
     FD:C->Q               2   0.447   0.616  key_xo (key_xo_OBUF)
     OBUF:I->O                 2.571          key_xo_OBUF (key_xo)
    ----------------------------------------
    Total                      3.634ns (3.018ns logic, 0.616ns route)
                                       (83.0% logic, 17.0% route)

=========================================================================

Cross Clock Domains Report:
--------------------------

Clock to Setup on destination clock CK/Clk_xo
---------------+---------+---------+---------+---------+
               | Src:Rise| Src:Fall| Src:Rise| Src:Fall|
Source Clock   |Dest:Rise|Dest:Rise|Dest:Fall|Dest:Fall|
---------------+---------+---------+---------+---------+
CK/Clk_xo      |    1.747|         |         |         |
---------------+---------+---------+---------+---------+

Clock to Setup on destination clock clk
---------------+---------+---------+---------+---------+
               | Src:Rise| Src:Fall| Src:Rise| Src:Fall|
Source Clock   |Dest:Rise|Dest:Rise|Dest:Fall|Dest:Fall|
---------------+---------+---------+---------+---------+
clk            |    4.121|         |         |         |
---------------+---------+---------+---------+---------+

=========================================================================


Total REAL time to Xst completion: 5.00 secs
Total CPU time to Xst completion: 5.56 secs
 
--> 

Total memory usage is 4523228 kilobytes

Number of errors   :    0 (   0 filtered)
Number of warnings :    0 (   0 filtered)
Number of infos    :    1 (   0 filtered)

