Running: D:\Xilinx\14.7\ISE_DS\ISE\bin\nt64\unwrapped\fuse.exe -intstyle ise -incremental -lib unisims_ver -lib unimacro_ver -lib xilinxcorelib_ver -lib secureip -o D:/workplace/verilog/E3-MULTI_FUNC_ALU/MULTI_FUNC_ALU_UNIT_T_isim_beh.exe -prj D:/workplace/verilog/E3-MULTI_FUNC_ALU/MULTI_FUNC_ALU_UNIT_T_beh.prj work.MULTI_FUNC_ALU_UNIT_T work.glbl 
ISim P.20131013 (signature 0x7708f090)
Number of CPUs detected in this system: 8
Turning on mult-threading, number of parallel sub-compilation jobs: 16 
Determining compilation order of HDL files
Analyzing Verilog file "D:/workplace/verilog/E3-MULTI_FUNC_ALU/SELECTOR.v" into library work
Analyzing Verilog file "D:/workplace/verilog/E3-MULTI_FUNC_ALU/MULTI_FUNC_ALU.v" into library work
Analyzing Verilog file "D:/workplace/verilog/E3-MULTI_FUNC_ALU/LED_DISPLAY.v" into library work
Analyzing Verilog file "D:/workplace/verilog/E3-MULTI_FUNC_ALU/MULTI_FUNC_ALU_UNIT.v" into library work
Analyzing Verilog file "D:/workplace/verilog/E3-MULTI_FUNC_ALU/MULTI_FUNC_ALU_UNIT_T.v" into library work
Analyzing Verilog file "D:/Xilinx/14.7/ISE_DS/ISE//verilog/src/glbl.v" into library work
Starting static elaboration
Completed static elaboration
Compiling module SELECTOR
Compiling module MULTI_FUNC_ALU
Compiling module LED_DISPLAY
Compiling module MULTI_FUNC_ALU_UNIT
Compiling module MULTI_FUNC_ALU_UNIT_T
Compiling module glbl
Time Resolution for simulation is 1ps.
Compiled 6 Verilog Units
Built simulation executable D:/workplace/verilog/E3-MULTI_FUNC_ALU/MULTI_FUNC_ALU_UNIT_T_isim_beh.exe
Fuse Memory Usage: 27568 KB
Fuse CPU Usage: 405 ms
