Running: D:\Xilinx\14.7\ISE_DS\ISE\bin\nt64\unwrapped\fuse.exe -intstyle ise -incremental -lib unisims_ver -lib unimacro_ver -lib xilinxcorelib_ver -lib secureip -o D:/workplace/verilog/E2-AHEAD_ADDER/Ahead_Adder_T_isim_beh.exe -prj D:/workplace/verilog/E2-AHEAD_ADDER/Ahead_Adder_T_beh.prj work.Ahead_Adder_T work.glbl 
ISim P.20131013 (signature 0x7708f090)
Number of CPUs detected in this system: 8
Turning on mult-threading, number of parallel sub-compilation jobs: 16 
Determining compilation order of HDL files
Analyzing Verilog file "D:/workplace/verilog/E2-AHEAD_ADDER/FULL_ADDER.v" into library work
Analyzing Verilog file "D:/workplace/verilog/E2-AHEAD_ADDER/AHEAD_ADDER.v" into library work
Analyzing Verilog file "D:/workplace/verilog/E2-AHEAD_ADDER/Ahead_Adder_T.v" into library work
Analyzing Verilog file "D:/Xilinx/14.7/ISE_DS/ISE//verilog/src/glbl.v" into library work
Starting static elaboration
Completed static elaboration
Compiling module FULL_ADDER
Compiling module AHEAD_ADDER
Compiling module Ahead_Adder_T
Compiling module glbl
Time Resolution for simulation is 1ps.
Waiting for 1 sub-compilation(s) to finish...
Compiled 4 Verilog Units
Built simulation executable D:/workplace/verilog/E2-AHEAD_ADDER/Ahead_Adder_T_isim_beh.exe
Fuse Memory Usage: 28436 KB
Fuse CPU Usage: 453 ms
