--------------------------------------------------------------------------------
Release 14.7 Trace  (nt64)
Copyright (c) 1995-2013 Xilinx, Inc.  All rights reserved.

D:\Xilinx\14.7\ISE_DS\ISE\bin\nt64\unwrapped\trce.exe -intstyle ise -v 3 -s 3
-n 3 -fastpaths -xml DISPLAY_INST.twx DISPLAY_INST.ncd -o DISPLAY_INST.twr
DISPLAY_INST.pcf -ucf Display_Inst_IC.ucf

Design file:              DISPLAY_INST.ncd
Physical constraint file: DISPLAY_INST.pcf
Device,package,speed:     xc6slx16,csg324,C,-3 (PRODUCTION 1.23 2013-10-13)
Report level:             verbose report

Environment Variable      Effect 
--------------------      ------ 
NONE                      No environment variables were set
--------------------------------------------------------------------------------

INFO:Timing:2698 - No timing constraints found, doing default enumeration.
INFO:Timing:3412 - To improve timing, see the Timing Closure User Guide (UG612).
INFO:Timing:2752 - To get complete path coverage, use the unconstrained paths 
   option. All paths that are not constrained will be reported in the 
   unconstrained paths section(s) of the report.
INFO:Timing:3339 - The clock-to-out numbers in this timing report are based on 
   a 50 Ohm transmission line loading model.  For the details of this model, 
   and for more information on accounting for different loading conditions, 
   please see the device datasheet.



Data Sheet report:
-----------------
All values displayed in nanoseconds (ns)

Clock to Setup on destination clock Clk_100M
---------------+---------+---------+---------+---------+
               | Src:Rise| Src:Fall| Src:Rise| Src:Fall|
Source Clock   |Dest:Rise|Dest:Rise|Dest:Fall|Dest:Fall|
---------------+---------+---------+---------+---------+
Clk_100M       |    3.719|         |         |         |
---------------+---------+---------+---------+---------+

Pad to Pad
---------------+---------------+---------+
Source Pad     |Destination Pad|  Delay  |
---------------+---------------+---------+
Sel<0>         |LED<0>         |    9.088|
Sel<0>         |LED<1>         |    9.320|
Sel<0>         |LED<2>         |    8.961|
Sel<0>         |LED<3>         |    9.127|
Sel<0>         |LED<4>         |    8.631|
Sel<0>         |LED<5>         |    8.893|
Sel<0>         |LED<6>         |    8.363|
Sel<0>         |LED<7>         |    8.369|
Sel<1>         |LED<0>         |    8.685|
Sel<1>         |LED<1>         |    8.858|
Sel<1>         |LED<2>         |    8.530|
Sel<1>         |LED<3>         |    8.730|
Sel<1>         |LED<4>         |    8.688|
Sel<1>         |LED<5>         |    8.326|
Sel<1>         |LED<6>         |    8.054|
Sel<1>         |LED<7>         |    8.167|
---------------+---------------+---------+


Analysis completed Sat Jun 09 11:32:21 2018 
--------------------------------------------------------------------------------

Trace Settings:
-------------------------
Trace Settings 

Peak Memory Usage: 4576 MB



